<?xml version="1.0" encoding="UTF-8"?>
<!-- Generated by org.testng.reporters.JUnitXMLReporter -->
<testsuite ignored="0" hostname="L86HQ1Z2" failures="0" tests="23" name="ConsumerCreditPage2" time="41.622" errors="0" timestamp="2020-11-08T17:12:37 CET">
  <testcase classname="analyzer.consumer_credit.Page2Test" name="a_AgreementCheckbox" time="0.279"/>
  <testcase classname="analyzer.consumer_credit.Page2Test" name="b_correctTypeCreditLink" time="0.026"/>
  <testcase classname="analyzer.consumer_credit.Page2Test" name="c_CreditAmountSlider" time="1.864"/>
  <testcase classname="analyzer.consumer_credit.Page2Test" name="d_CreditAmountEmptyImput" time="1.314"/>
  <testcase classname="analyzer.consumer_credit.Page2Test" name="e_CreditAmountLessThanMin" time="0.973"/>
  <testcase classname="analyzer.consumer_credit.Page2Test" name="f_CreditAmountMoreThanMax" time="0.573"/>
  <testcase classname="analyzer.consumer_credit.Page2Test" name="g_InstalltmentsCountRadio" time="0.231"/>
  <testcase classname="analyzer.consumer_credit.Page2Test" name="h_InstalltmentsCountSlider" time="2.101"/>
  <testcase classname="analyzer.consumer_credit.Page2Test" name="i_InstalltmentsCountEmptyImput" time="0.505"/>
  <testcase classname="analyzer.consumer_credit.Page2Test" name="k_InstalltmentsCountLessThanMin" time="0.599"/>
  <testcase classname="analyzer.consumer_credit.Page2Test" name="l_InstalltmentsCountMoreThanMax" time="0.491"/>
  <testcase classname="analyzer.consumer_credit.Page2Test" name="m_InstalltmentsValueRadio" time="0.347"/>
  <testcase classname="analyzer.consumer_credit.Page2Test" name="n_InstalltmentsValueSlider" time="2.129"/>
  <testcase classname="analyzer.consumer_credit.Page2Test" name="o_InstalltmentsValueEmptyImput" time="0.947"/>
  <testcase classname="analyzer.consumer_credit.Page2Test" name="p_InstalltmentsValueLessThanMin" time="0.51"/>
  <testcase classname="analyzer.consumer_credit.Page2Test" name="r_InstalltmentsValueMoreThanMax" time="0.366"/>
  <testcase classname="analyzer.consumer_credit.Page2Test" name="s_RelationInstallmentsMLessThanMin" time="2.806"/>
  <testcase classname="analyzer.consumer_credit.Page2Test" name="t_RelationInstallmentsMoreThanMax" time="1.994"/>
  <testcase classname="analyzer.consumer_credit.Page2Test" name="u_RelationInstallmentsTooSmall" time="2.55"/>
  <testcase classname="analyzer.consumer_credit.Page2Test" name="w_RelationInstallmentsTooLarge" time="2.512"/>
  <testcase classname="analyzer.consumer_credit.Page2Test" name="y_tooltipAmount" time="0.279"/>
  <testcase classname="analyzer.consumer_credit.Page2Test" name="z_tooltipHowToPay" time="0.294"/>
  <testcase classname="analyzer.consumer_credit.Page2Test" name="za_submit" time="3.601"/>
</testsuite> <!-- ConsumerCreditPage2 -->
