<?xml version="1.0" encoding="UTF-8"?>
<!-- Generated by org.testng.reporters.JUnitXMLReporter -->
<testsuite ignored="0" hostname="L86HQ1Z2" failures="0" tests="3" name="ConsumerCreditPage1" time="21.747" errors="0" timestamp="2020-11-08T17:11:55 CET">
  <testcase classname="analyzer.consumer_credit.Page1Test" name="b_LastCalculationDetails" time="1.688"/>
  <testcase classname="analyzer.consumer_credit.Page1Test" name="c_TypeCredit" time="0.998"/>
  <testcase classname="analyzer.consumer_credit.Page1Test" name="d_FollowButton" time="1.328"/>
</testsuite> <!-- ConsumerCreditPage1 -->
