<?xml version="1.0" encoding="UTF-8"?>
<!-- Generated by org.testng.reporters.JUnitXMLReporter -->
<testsuite ignored="0" hostname="L86HQ1Z2" failures="0" tests="43" name="MortgageCreditPage3" time="65.086" errors="0" timestamp="2020-11-08T17:19:05 CET">
  <testcase classname="analyzer.mortgage_credit.Page3CreditCotakerTest" name="a_component" time="0.308"/>
  <testcase classname="analyzer.mortgage_credit.Page3CreditCotakerTest" name="b_backButtonDisplayed" time="0.165"/>
  <testcase classname="analyzer.mortgage_credit.Page3CreditCotakerTest" name="c_backButton" time="1.236"/>
  <testcase classname="analyzer.mortgage_credit.Page3CreditCotakerTest" name="d_isCreditTakerDisabled" time="0.157"/>
  <testcase classname="analyzer.mortgage_credit.Page3CreditCotakerTest" name="e_sourceOfIncomeTooltip" time="0.452"/>
  <testcase classname="analyzer.mortgage_credit.Page3CreditCotakerTest" name="f_creditTakerTooltip" time="0.447"/>
  <testcase classname="analyzer.mortgage_credit.Page3CreditCotakerTest" name="g_monthIncomeTooltip" time="0.351"/>
  <testcase classname="analyzer.mortgage_credit.Page3CreditCotakerTest" name="h_legalChargesTooltip" time="0.862"/>
  <testcase classname="analyzer.mortgage_credit.Page3CreditCotakerTest" name="i_dependentsTooltip" time="0.286"/>
  <testcase classname="analyzer.mortgage_credit.Page3CreditCotakerTest" name="j_householdExpensesTooltip" time="0.257"/>
  <testcase classname="analyzer.mortgage_credit.Page3CreditCotakerTest" name="k_CreditTakerCotaker" time="0.211"/>
  <testcase classname="analyzer.mortgage_credit.Page3CreditCotakerTest" name="l_sourceOfIncomeIsEmpty" time="0.492"/>
  <testcase classname="analyzer.mortgage_credit.Page3CreditCotakerTest" name="m_sourceOfIncomeIsNotEmpty" time="6.109"/>
  <testcase classname="analyzer.mortgage_credit.Page3CreditCotakerTest" name="n_sourceOfIncome2IsEmpty" time="0.4"/>
  <testcase classname="analyzer.mortgage_credit.Page3CreditCotakerTest" name="o_sourceOfIncome2IsNotEmpty" time="6.503"/>
  <testcase classname="analyzer.mortgage_credit.Page3CreditCotakerTest" name="p_monthIncomeIsEmpty" time="0.328"/>
  <testcase classname="analyzer.mortgage_credit.Page3CreditCotakerTest" name="r_monthIncomeLessThanMin" time="0.149"/>
  <testcase classname="analyzer.mortgage_credit.Page3CreditCotakerTest" name="s_monthIncomeLessThanInstallment" time="0.651"/>
  <testcase classname="analyzer.mortgage_credit.Page3CreditCotakerTest" name="t_monthIncomeMoreThanMax" time="0.888"/>
  <testcase classname="analyzer.mortgage_credit.Page3CreditCotakerTest" name="u_monthIncome2IsEmpty" time="1.373"/>
  <testcase classname="analyzer.mortgage_credit.Page3CreditCotakerTest" name="w_monthIncome2LessThanMin" time="0.13"/>
  <testcase classname="analyzer.mortgage_credit.Page3CreditCotakerTest" name="y_monthIncome2LessThanInstallment" time="0.472"/>
  <testcase classname="analyzer.mortgage_credit.Page3CreditCotakerTest" name="z_monthIncome2MoreThanMax" time="1.708"/>
  <testcase classname="analyzer.mortgage_credit.Page3CreditCotakerTest" name="za_legalChargesIsEmpty" time="0.999"/>
  <testcase classname="analyzer.mortgage_credit.Page3CreditCotakerTest" name="zb_legalChargesLessThanMin" time="0.148"/>
  <testcase classname="analyzer.mortgage_credit.Page3CreditCotakerTest" name="zc_legalChargesMoreThanMax" time="1.435"/>
  <testcase classname="analyzer.mortgage_credit.Page3CreditCotakerTest" name="zd_legalCharges2IsEmpty" time="1.913"/>
  <testcase classname="analyzer.mortgage_credit.Page3CreditCotakerTest" name="ze_legalCharges2LessThanMin" time="0.11"/>
  <testcase classname="analyzer.mortgage_credit.Page3CreditCotakerTest" name="zf_legalCharges2MoreThanMax" time="2.908"/>
  <testcase classname="analyzer.mortgage_credit.Page3CreditCotakerTest" name="zg_payedInstallmentsText" time="0.147"/>
  <testcase classname="analyzer.mortgage_credit.Page3CreditCotakerTest" name="zh_payedInstallmentsIsEmpty" time="0.899"/>
  <testcase classname="analyzer.mortgage_credit.Page3CreditCotakerTest" name="zi_payedInstallmentsLessThanMin" time="0.554"/>
  <testcase classname="analyzer.mortgage_credit.Page3CreditCotakerTest" name="zj_payedInstallmentsMoreThanMax" time="1.439"/>
  <testcase classname="analyzer.mortgage_credit.Page3CreditCotakerTest" name="zk_creditLimitsText" time="0.145"/>
  <testcase classname="analyzer.mortgage_credit.Page3CreditCotakerTest" name="zl_creditLimitsIsEmpty" time="1.161"/>
  <testcase classname="analyzer.mortgage_credit.Page3CreditCotakerTest" name="zm_creditLimitsLessThanMin" time="0.115"/>
  <testcase classname="analyzer.mortgage_credit.Page3CreditCotakerTest" name="zn_creditLimitsMoreThanMax" time="1.507"/>
  <testcase classname="analyzer.mortgage_credit.Page3CreditCotakerTest" name="zo_dependents" time="0.985"/>
  <testcase classname="analyzer.mortgage_credit.Page3CreditCotakerTest" name="zp_houeseholdExpensesIsEmpty" time="0.452"/>
  <testcase classname="analyzer.mortgage_credit.Page3CreditCotakerTest" name="zr_householdExpensesLessThanMin" time="0.136"/>
  <testcase classname="analyzer.mortgage_credit.Page3CreditCotakerTest" name="zs_householdExpensesMoreThanMax" time="1.455"/>
  <testcase classname="analyzer.mortgage_credit.Page3CreditCotakerTest" name="zt_whyAsk" time="0.64"/>
  <testcase classname="analyzer.mortgage_credit.Page3CreditCotakerTest" name="zu_count" time="5.515"/>
</testsuite> <!-- MortgageCreditPage3 -->
