<?xml version="1.0" encoding="UTF-8"?>
<!-- Generated by org.testng.reporters.JUnitXMLReporter -->
<testsuite ignored="0" hostname="L86HQ1Z2" failures="0" tests="13" name="MortgageCreditPage4" time="28.198" errors="0" timestamp="2020-11-08T17:19:55 CET">
  <testcase classname="analyzer.mortgage_credit.Page4CreditCotakerTest" name="a_creditCriteriaSummary" time="2.495"/>
  <testcase classname="analyzer.mortgage_credit.Page4CreditCotakerTest" name="b_punctualityPaymentSeeMore" time="0.263"/>
  <testcase classname="analyzer.mortgage_credit.Page4CreditCotakerTest" name="c_punctualityPaymentSeeLess" time="0.215"/>
  <testcase classname="analyzer.mortgage_credit.Page4CreditCotakerTest" name="d_scoringSeeLess" time="0.266"/>
  <testcase classname="analyzer.mortgage_credit.Page4CreditCotakerTest" name="e_scoringSeeMore" time="0.207"/>
  <testcase classname="analyzer.mortgage_credit.Page4CreditCotakerTest" name="f_budgetChargeSeeLess" time="0.231"/>
  <testcase classname="analyzer.mortgage_credit.Page4CreditCotakerTest" name="h_budgetChargeSeeMore" time="0.209"/>
  <testcase classname="analyzer.mortgage_credit.Page4CreditCotakerTest" name="i_creditSumSeeLess" time="0.247"/>
  <testcase classname="analyzer.mortgage_credit.Page4CreditCotakerTest" name="j_creditSumSeeMore" time="0.164"/>
  <testcase classname="analyzer.mortgage_credit.Page4CreditCotakerTest" name="k_compareDate" time="0.076"/>
  <testcase classname="analyzer.mortgage_credit.Page4CreditCotakerTest" name="l_verifyIcon" time="0.084"/>
  <testcase classname="analyzer.mortgage_credit.Page4CreditCotakerTest" name="m_countAnotherCreditButton" time="0.899"/>
  <testcase classname="analyzer.mortgage_credit.Page4CreditCotakerTest" name="n_homePage" time="1.666"/>
</testsuite> <!-- MortgageCreditPage4 -->
