<?xml version="1.0" encoding="UTF-8"?>
<!-- Generated by org.testng.reporters.JUnitXMLReporter -->
<testsuite ignored="0" hostname="L86HQ1Z2" failures="0" tests="7" name="TestLogin" time="15.705" errors="0" timestamp="2020-11-04T22:36:33 CET">
  <testcase classname="login.LoginTest" name="a_EmptyMail" time="0.269"/>
  <testcase classname="login.LoginTest" name="b_EmptyPass" time="0.392"/>
  <testcase classname="login.LoginTest" name="c_BlindEye" time="0.351"/>
  <testcase classname="login.LoginTest" name="d_hasPeselActiveNumbers" time="0.055"/>
  <testcase classname="login.LoginTest" name="e_EmptyPesel" time="0.107"/>
  <testcase classname="login.LoginTest" name="f_ImproperData" time="1.022"/>
  <testcase classname="login.LoginTest" name="g_properData" time="5.864"/>
</testsuite> <!-- TestLogin -->
