<?xml version="1.0" encoding="UTF-8"?>
<!-- Generated by org.testng.reporters.JUnitXMLReporter -->
<testsuite ignored="0" hostname="L86HQ1Z2" failures="0" tests="7" name="Test" time="32.742" errors="0" timestamp="2020-11-08T14:06:54 CET">
  <testcase classname="login.LoginTest" name="a_EmptyMail" time="0.226"/>
  <testcase classname="login.LoginTest" name="b_EmptyPass" time="0.236"/>
  <testcase classname="login.LoginTest" name="c_BlindEye" time="0.379"/>
  <testcase classname="login.LoginTest" name="d_hasPeselActiveNumbers" time="0.593"/>
  <testcase classname="login.LoginTest" name="e_EmptyPesel" time="0.114"/>
  <testcase classname="login.LoginTest" name="f_ImproperData" time="2.096"/>
  <testcase classname="login.LoginTest" name="g_properData" time="1.113"/>
</testsuite> <!-- Test -->
