<?xml version="1.0" encoding="UTF-8"?>
<testng-results ignored="0" total="93" passed="93" failed="0" skipped="0">
  <reporter-output>
  </reporter-output>
  <suite started-at="2020-11-08T17:16:13 CET" name="Suite" finished-at="2020-11-08T17:19:55 CET" duration-ms="222206">
    <groups>
    </groups>
    <test started-at="2020-11-08T17:16:13 CET" name="ClearAgreement1" finished-at="2020-11-08T17:16:35 CET" duration-ms="22585">
      <class name="analyzer.ClearAgreement">
        <test-method is-config="true" signature="initialize(java.lang.String)[pri:0, instance:analyzer.ClearAgreement@87a85e1]" started-at="2020-11-08T17:16:13 CET" name="initialize" finished-at="2020-11-08T17:16:20 CET" duration-ms="6803" status="PASS">
          <params>
            <param index="0">
              <value>
                <![CDATA[prod]]>
              </value>
            </param>
          </params>
          <reporter-output>
          </reporter-output>
        </test-method> <!-- initialize -->
        <test-method signature="a_IsCustomerExist()[pri:0, instance:analyzer.ClearAgreement@87a85e1]" started-at="2020-11-08T17:16:20 CET" name="a_IsCustomerExist" finished-at="2020-11-08T17:16:23 CET" duration-ms="3451" status="PASS">
          <reporter-output>
          </reporter-output>
        </test-method> <!-- a_IsCustomerExist -->
        <test-method signature="b_Clear()[pri:0, instance:analyzer.ClearAgreement@87a85e1]" started-at="2020-11-08T17:16:23 CET" name="b_Clear" finished-at="2020-11-08T17:16:35 CET" duration-ms="12279" status="PASS">
          <reporter-output>
          </reporter-output>
        </test-method> <!-- b_Clear -->
      </class> <!-- analyzer.ClearAgreement -->
    </test> <!-- ClearAgreement1 -->
    <test started-at="2020-11-08T17:16:35 CET" name="MortgageCreditPage1" finished-at="2020-11-08T17:16:52 CET" duration-ms="16564">
      <class name="analyzer.mortgage_credit.Page1Test">
        <test-method is-config="true" signature="a_initialize(java.lang.String)[pri:0, instance:analyzer.mortgage_credit.Page1Test@503d687a]" started-at="2020-11-08T17:16:35 CET" name="a_initialize" finished-at="2020-11-08T17:16:42 CET" duration-ms="6933" status="PASS">
          <params>
            <param index="0">
              <value>
                <![CDATA[prod]]>
              </value>
            </param>
          </params>
          <reporter-output>
          </reporter-output>
        </test-method> <!-- a_initialize -->
        <test-method is-config="true" signature="ab_PreviousSteps()[pri:0, instance:analyzer.mortgage_credit.Page1Test@503d687a]" started-at="2020-11-08T17:16:42 CET" name="ab_PreviousSteps" finished-at="2020-11-08T17:16:47 CET" duration-ms="4646" status="PASS">
          <reporter-output>
          </reporter-output>
        </test-method> <!-- ab_PreviousSteps -->
        <test-method signature="b_LastCalculationDetails()[pri:0, instance:analyzer.mortgage_credit.Page1Test@503d687a]" started-at="2020-11-08T17:16:47 CET" name="b_LastCalculationDetails" finished-at="2020-11-08T17:16:48 CET" duration-ms="1403" status="PASS">
          <reporter-output>
          </reporter-output>
        </test-method> <!-- b_LastCalculationDetails -->
        <test-method signature="c_TypeCredit()[pri:0, instance:analyzer.mortgage_credit.Page1Test@503d687a]" started-at="2020-11-08T17:16:48 CET" name="c_TypeCredit" finished-at="2020-11-08T17:16:49 CET" duration-ms="646" status="PASS">
          <reporter-output>
          </reporter-output>
        </test-method> <!-- c_TypeCredit -->
        <test-method signature="d_FollowButton()[pri:0, instance:analyzer.mortgage_credit.Page1Test@503d687a]" started-at="2020-11-08T17:16:49 CET" name="d_FollowButton" finished-at="2020-11-08T17:16:50 CET" duration-ms="800" status="PASS">
          <reporter-output>
          </reporter-output>
        </test-method> <!-- d_FollowButton -->
        <test-method is-config="true" signature="CLose()[pri:0, instance:analyzer.mortgage_credit.Page1Test@503d687a]" started-at="2020-11-08T17:16:50 CET" name="CLose" finished-at="2020-11-08T17:16:52 CET" duration-ms="2127" status="PASS">
          <reporter-output>
          </reporter-output>
        </test-method> <!-- CLose -->
      </class> <!-- analyzer.mortgage_credit.Page1Test -->
    </test> <!-- MortgageCreditPage1 -->
    <test started-at="2020-11-08T17:16:52 CET" name="MortgageCreditPage2" finished-at="2020-11-08T17:17:39 CET" duration-ms="47393">
      <class name="analyzer.mortgage_credit.Page2Test">
        <test-method is-config="true" signature="a_initialize(java.lang.String)[pri:0, instance:analyzer.mortgage_credit.Page2Test@c333c60]" started-at="2020-11-08T17:16:52 CET" name="a_initialize" finished-at="2020-11-08T17:16:59 CET" duration-ms="7004" status="PASS">
          <params>
            <param index="0">
              <value>
                <![CDATA[prod]]>
              </value>
            </param>
          </params>
          <reporter-output>
          </reporter-output>
        </test-method> <!-- a_initialize -->
        <test-method is-config="true" signature="ab_PreviousSteps()[pri:0, instance:analyzer.mortgage_credit.Page2Test@c333c60]" started-at="2020-11-08T17:16:59 CET" name="ab_PreviousSteps" finished-at="2020-11-08T17:17:06 CET" duration-ms="6781" status="PASS">
          <reporter-output>
          </reporter-output>
        </test-method> <!-- ab_PreviousSteps -->
        <test-method signature="a_AgreementCheckbox()[pri:0, instance:analyzer.mortgage_credit.Page2Test@c333c60]" started-at="2020-11-08T17:17:06 CET" name="a_AgreementCheckbox" finished-at="2020-11-08T17:17:07 CET" duration-ms="827" status="PASS">
          <reporter-output>
          </reporter-output>
        </test-method> <!-- a_AgreementCheckbox -->
        <test-method signature="b_correctTypeCreditLink()[pri:0, instance:analyzer.mortgage_credit.Page2Test@c333c60]" started-at="2020-11-08T17:17:07 CET" name="b_correctTypeCreditLink" finished-at="2020-11-08T17:17:07 CET" duration-ms="28" status="PASS">
          <reporter-output>
          </reporter-output>
        </test-method> <!-- b_correctTypeCreditLink -->
        <test-method signature="c_propertyValueVisible()[pri:0, instance:analyzer.mortgage_credit.Page2Test@c333c60]" started-at="2020-11-08T17:17:07 CET" name="c_propertyValueVisible" finished-at="2020-11-08T17:17:07 CET" duration-ms="51" status="PASS">
          <reporter-output>
          </reporter-output>
        </test-method> <!-- c_propertyValueVisible -->
        <test-method signature="d_PropertyValueEmptyImput()[pri:0, instance:analyzer.mortgage_credit.Page2Test@c333c60]" started-at="2020-11-08T17:17:07 CET" name="d_PropertyValueEmptyImput" finished-at="2020-11-08T17:17:08 CET" duration-ms="994" status="PASS">
          <reporter-output>
          </reporter-output>
        </test-method> <!-- d_PropertyValueEmptyImput -->
        <test-method signature="e_PropertyValueLessThanMin()[pri:0, instance:analyzer.mortgage_credit.Page2Test@c333c60]" started-at="2020-11-08T17:17:08 CET" name="e_PropertyValueLessThanMin" finished-at="2020-11-08T17:17:08 CET" duration-ms="558" status="PASS">
          <reporter-output>
          </reporter-output>
        </test-method> <!-- e_PropertyValueLessThanMin -->
        <test-method signature="f_PropertyValuetMoreThanMax()[pri:0, instance:analyzer.mortgage_credit.Page2Test@c333c60]" started-at="2020-11-08T17:17:08 CET" name="f_PropertyValuetMoreThanMax" finished-at="2020-11-08T17:17:09 CET" duration-ms="671" status="PASS">
          <reporter-output>
          </reporter-output>
        </test-method> <!-- f_PropertyValuetMoreThanMax -->
        <test-method signature="g_PropertyValuetRelationCreditAmount()[pri:0, instance:analyzer.mortgage_credit.Page2Test@c333c60]" started-at="2020-11-08T17:17:09 CET" name="g_PropertyValuetRelationCreditAmount" finished-at="2020-11-08T17:17:11 CET" duration-ms="1820" status="PASS">
          <reporter-output>
          </reporter-output>
        </test-method> <!-- g_PropertyValuetRelationCreditAmount -->
        <test-method signature="h_CreditAmountSlider()[pri:0, instance:analyzer.mortgage_credit.Page2Test@c333c60]" started-at="2020-11-08T17:17:11 CET" name="h_CreditAmountSlider" finished-at="2020-11-08T17:17:13 CET" duration-ms="2306" status="PASS">
          <reporter-output>
          </reporter-output>
        </test-method> <!-- h_CreditAmountSlider -->
        <test-method signature="i_CreditAmountEmptyImput()[pri:0, instance:analyzer.mortgage_credit.Page2Test@c333c60]" started-at="2020-11-08T17:17:13 CET" name="i_CreditAmountEmptyImput" finished-at="2020-11-08T17:17:14 CET" duration-ms="1393" status="PASS">
          <reporter-output>
          </reporter-output>
        </test-method> <!-- i_CreditAmountEmptyImput -->
        <test-method signature="j_CreditAmountLessThanMin()[pri:0, instance:analyzer.mortgage_credit.Page2Test@c333c60]" started-at="2020-11-08T17:17:14 CET" name="j_CreditAmountLessThanMin" finished-at="2020-11-08T17:17:15 CET" duration-ms="664" status="PASS">
          <reporter-output>
          </reporter-output>
        </test-method> <!-- j_CreditAmountLessThanMin -->
        <test-method signature="k_CreditAmountMoreThanMax()[pri:0, instance:analyzer.mortgage_credit.Page2Test@c333c60]" started-at="2020-11-08T17:17:15 CET" name="k_CreditAmountMoreThanMax" finished-at="2020-11-08T17:17:16 CET" duration-ms="741" status="PASS">
          <reporter-output>
          </reporter-output>
        </test-method> <!-- k_CreditAmountMoreThanMax -->
        <test-method signature="l_InstalltmentsCountRadio()[pri:0, instance:analyzer.mortgage_credit.Page2Test@c333c60]" started-at="2020-11-08T17:17:16 CET" name="l_InstalltmentsCountRadio" finished-at="2020-11-08T17:17:16 CET" duration-ms="371" status="PASS">
          <reporter-output>
          </reporter-output>
        </test-method> <!-- l_InstalltmentsCountRadio -->
        <test-method signature="m_InstalltmentsCountSlider()[pri:0, instance:analyzer.mortgage_credit.Page2Test@c333c60]" started-at="2020-11-08T17:17:16 CET" name="m_InstalltmentsCountSlider" finished-at="2020-11-08T17:17:18 CET" duration-ms="1988" status="PASS">
          <reporter-output>
          </reporter-output>
        </test-method> <!-- m_InstalltmentsCountSlider -->
        <test-method signature="n_InstalltmentsCountEmptyImput()[pri:0, instance:analyzer.mortgage_credit.Page2Test@c333c60]" started-at="2020-11-08T17:17:18 CET" name="n_InstalltmentsCountEmptyImput" finished-at="2020-11-08T17:17:19 CET" duration-ms="579" status="PASS">
          <reporter-output>
          </reporter-output>
        </test-method> <!-- n_InstalltmentsCountEmptyImput -->
        <test-method signature="o_InstalltmentsCountLessThanMin()[pri:0, instance:analyzer.mortgage_credit.Page2Test@c333c60]" started-at="2020-11-08T17:17:19 CET" name="o_InstalltmentsCountLessThanMin" finished-at="2020-11-08T17:17:19 CET" duration-ms="499" status="PASS">
          <reporter-output>
          </reporter-output>
        </test-method> <!-- o_InstalltmentsCountLessThanMin -->
        <test-method signature="p_InstalltmentsCountMoreThanMax()[pri:0, instance:analyzer.mortgage_credit.Page2Test@c333c60]" started-at="2020-11-08T17:17:19 CET" name="p_InstalltmentsCountMoreThanMax" finished-at="2020-11-08T17:17:20 CET" duration-ms="453" status="PASS">
          <reporter-output>
          </reporter-output>
        </test-method> <!-- p_InstalltmentsCountMoreThanMax -->
        <test-method signature="r_InstalltmentsValueRadio()[pri:0, instance:analyzer.mortgage_credit.Page2Test@c333c60]" started-at="2020-11-08T17:17:20 CET" name="r_InstalltmentsValueRadio" finished-at="2020-11-08T17:17:20 CET" duration-ms="248" status="PASS">
          <reporter-output>
          </reporter-output>
        </test-method> <!-- r_InstalltmentsValueRadio -->
        <test-method signature="s_InstalltmentsValueSlider()[pri:0, instance:analyzer.mortgage_credit.Page2Test@c333c60]" started-at="2020-11-08T17:17:20 CET" name="s_InstalltmentsValueSlider" finished-at="2020-11-08T17:17:22 CET" duration-ms="2026" status="PASS">
          <reporter-output>
          </reporter-output>
        </test-method> <!-- s_InstalltmentsValueSlider -->
        <test-method signature="t_InstalltmentsValueEmptyImput()[pri:0, instance:analyzer.mortgage_credit.Page2Test@c333c60]" started-at="2020-11-08T17:17:22 CET" name="t_InstalltmentsValueEmptyImput" finished-at="2020-11-08T17:17:23 CET" duration-ms="638" status="PASS">
          <reporter-output>
          </reporter-output>
        </test-method> <!-- t_InstalltmentsValueEmptyImput -->
        <test-method signature="u_InstalltmentsValueLessThanMin()[pri:0, instance:analyzer.mortgage_credit.Page2Test@c333c60]" started-at="2020-11-08T17:17:23 CET" name="u_InstalltmentsValueLessThanMin" finished-at="2020-11-08T17:17:23 CET" duration-ms="361" status="PASS">
          <reporter-output>
          </reporter-output>
        </test-method> <!-- u_InstalltmentsValueLessThanMin -->
        <test-method signature="w_InstalltmentsValueMoreThanMax()[pri:0, instance:analyzer.mortgage_credit.Page2Test@c333c60]" started-at="2020-11-08T17:17:23 CET" name="w_InstalltmentsValueMoreThanMax" finished-at="2020-11-08T17:17:23 CET" duration-ms="349" status="PASS">
          <reporter-output>
          </reporter-output>
        </test-method> <!-- w_InstalltmentsValueMoreThanMax -->
        <test-method signature="y_RelationInstallmentsMLessThanMin()[pri:0, instance:analyzer.mortgage_credit.Page2Test@c333c60]" started-at="2020-11-08T17:17:23 CET" name="y_RelationInstallmentsMLessThanMin" finished-at="2020-11-08T17:17:26 CET" duration-ms="2794" status="PASS">
          <reporter-output>
          </reporter-output>
        </test-method> <!-- y_RelationInstallmentsMLessThanMin -->
        <test-method signature="z_RelationInstallmentsMoreThanMax()[pri:0, instance:analyzer.mortgage_credit.Page2Test@c333c60]" started-at="2020-11-08T17:17:26 CET" name="z_RelationInstallmentsMoreThanMax" finished-at="2020-11-08T17:17:29 CET" duration-ms="2822" status="PASS">
          <reporter-output>
          </reporter-output>
        </test-method> <!-- z_RelationInstallmentsMoreThanMax -->
        <test-method signature="za_RelationInstallmentsTooSmall()[pri:0, instance:analyzer.mortgage_credit.Page2Test@c333c60]" started-at="2020-11-08T17:17:29 CET" name="za_RelationInstallmentsTooSmall" finished-at="2020-11-08T17:17:32 CET" duration-ms="2657" status="PASS">
          <reporter-output>
          </reporter-output>
        </test-method> <!-- za_RelationInstallmentsTooSmall -->
        <test-method signature="zb_RelationInstallmentsTooLarge()[pri:0, instance:analyzer.mortgage_credit.Page2Test@c333c60]" started-at="2020-11-08T17:17:32 CET" name="zb_RelationInstallmentsTooLarge" finished-at="2020-11-08T17:17:34 CET" duration-ms="2402" status="PASS">
          <reporter-output>
          </reporter-output>
        </test-method> <!-- zb_RelationInstallmentsTooLarge -->
        <test-method signature="zc_tooltipAmount()[pri:0, instance:analyzer.mortgage_credit.Page2Test@c333c60]" started-at="2020-11-08T17:17:34 CET" name="zc_tooltipAmount" finished-at="2020-11-08T17:17:35 CET" duration-ms="495" status="PASS">
          <reporter-output>
          </reporter-output>
        </test-method> <!-- zc_tooltipAmount -->
        <test-method signature="zd_tooltipHowToPay()[pri:0, instance:analyzer.mortgage_credit.Page2Test@c333c60]" started-at="2020-11-08T17:17:35 CET" name="zd_tooltipHowToPay" finished-at="2020-11-08T17:17:35 CET" duration-ms="440" status="PASS">
          <reporter-output>
          </reporter-output>
        </test-method> <!-- zd_tooltipHowToPay -->
        <test-method signature="ze_submit()[pri:0, instance:analyzer.mortgage_credit.Page2Test@c333c60]" started-at="2020-11-08T17:17:35 CET" name="ze_submit" finished-at="2020-11-08T17:17:39 CET" duration-ms="4162" status="PASS">
          <reporter-output>
          </reporter-output>
        </test-method> <!-- ze_submit -->
        <test-method is-config="true" signature="CLose()[pri:0, instance:analyzer.mortgage_credit.Page2Test@c333c60]" started-at="2020-11-08T17:17:39 CET" name="CLose" finished-at="2020-11-08T17:17:39 CET" duration-ms="223" status="PASS">
          <reporter-output>
          </reporter-output>
        </test-method> <!-- CLose -->
      </class> <!-- analyzer.mortgage_credit.Page2Test -->
    </test> <!-- MortgageCreditPage2 -->
    <test started-at="2020-11-08T17:17:39 CET" name="ClearAgreement2" finished-at="2020-11-08T17:18:00 CET" duration-ms="20829">
      <class name="analyzer.ClearAgreement">
        <test-method is-config="true" signature="initialize(java.lang.String)[pri:0, instance:analyzer.ClearAgreement@4e7912d8]" started-at="2020-11-08T17:17:39 CET" name="initialize" finished-at="2020-11-08T17:17:45 CET" duration-ms="5780" status="PASS">
          <params>
            <param index="0">
              <value>
                <![CDATA[prod]]>
              </value>
            </param>
          </params>
          <reporter-output>
          </reporter-output>
        </test-method> <!-- initialize -->
        <test-method signature="a_IsCustomerExist()[pri:0, instance:analyzer.ClearAgreement@4e7912d8]" started-at="2020-11-08T17:17:45 CET" name="a_IsCustomerExist" finished-at="2020-11-08T17:17:48 CET" duration-ms="2891" status="PASS">
          <reporter-output>
          </reporter-output>
        </test-method> <!-- a_IsCustomerExist -->
        <test-method signature="b_Clear()[pri:0, instance:analyzer.ClearAgreement@4e7912d8]" started-at="2020-11-08T17:17:48 CET" name="b_Clear" finished-at="2020-11-08T17:18:00 CET" duration-ms="12151" status="PASS">
          <reporter-output>
          </reporter-output>
        </test-method> <!-- b_Clear -->
      </class> <!-- analyzer.ClearAgreement -->
    </test> <!-- ClearAgreement2 -->
    <test started-at="2020-11-08T17:18:00 CET" name="MortgageCreditPage3" finished-at="2020-11-08T17:19:05 CET" duration-ms="65086">
      <class name="analyzer.mortgage_credit.Page3CreditCotakerTest">
        <test-method is-config="true" signature="a_initialize(java.lang.String)[pri:0, instance:analyzer.mortgage_credit.Page3CreditCotakerTest@193f604a]" started-at="2020-11-08T17:18:00 CET" name="a_initialize" finished-at="2020-11-08T17:18:07 CET" duration-ms="7047" status="PASS">
          <params>
            <param index="0">
              <value>
                <![CDATA[prod]]>
              </value>
            </param>
          </params>
          <reporter-output>
          </reporter-output>
        </test-method> <!-- a_initialize -->
        <test-method is-config="true" signature="ab_PreviousSteps()[pri:0, instance:analyzer.mortgage_credit.Page3CreditCotakerTest@193f604a]" started-at="2020-11-08T17:18:07 CET" name="ab_PreviousSteps" finished-at="2020-11-08T17:18:19 CET" duration-ms="11196" status="PASS">
          <reporter-output>
          </reporter-output>
        </test-method> <!-- ab_PreviousSteps -->
        <test-method signature="a_component()[pri:0, instance:analyzer.mortgage_credit.Page3CreditCotakerTest@193f604a]" started-at="2020-11-08T17:18:19 CET" name="a_component" finished-at="2020-11-08T17:18:19 CET" duration-ms="308" status="PASS">
          <reporter-output>
          </reporter-output>
        </test-method> <!-- a_component -->
        <test-method signature="b_backButtonDisplayed()[pri:0, instance:analyzer.mortgage_credit.Page3CreditCotakerTest@193f604a]" started-at="2020-11-08T17:18:19 CET" name="b_backButtonDisplayed" finished-at="2020-11-08T17:18:19 CET" duration-ms="165" status="PASS">
          <reporter-output>
          </reporter-output>
        </test-method> <!-- b_backButtonDisplayed -->
        <test-method signature="c_backButton()[pri:0, instance:analyzer.mortgage_credit.Page3CreditCotakerTest@193f604a]" started-at="2020-11-08T17:18:19 CET" name="c_backButton" finished-at="2020-11-08T17:18:20 CET" duration-ms="1236" status="PASS">
          <reporter-output>
          </reporter-output>
        </test-method> <!-- c_backButton -->
        <test-method signature="d_isCreditTakerDisabled()[pri:0, instance:analyzer.mortgage_credit.Page3CreditCotakerTest@193f604a]" started-at="2020-11-08T17:18:20 CET" name="d_isCreditTakerDisabled" finished-at="2020-11-08T17:18:20 CET" duration-ms="157" status="PASS">
          <reporter-output>
          </reporter-output>
        </test-method> <!-- d_isCreditTakerDisabled -->
        <test-method signature="e_sourceOfIncomeTooltip()[pri:0, instance:analyzer.mortgage_credit.Page3CreditCotakerTest@193f604a]" started-at="2020-11-08T17:18:20 CET" name="e_sourceOfIncomeTooltip" finished-at="2020-11-08T17:18:21 CET" duration-ms="452" status="PASS">
          <reporter-output>
          </reporter-output>
        </test-method> <!-- e_sourceOfIncomeTooltip -->
        <test-method signature="f_creditTakerTooltip()[pri:0, instance:analyzer.mortgage_credit.Page3CreditCotakerTest@193f604a]" started-at="2020-11-08T17:18:21 CET" name="f_creditTakerTooltip" finished-at="2020-11-08T17:18:21 CET" duration-ms="447" status="PASS">
          <reporter-output>
          </reporter-output>
        </test-method> <!-- f_creditTakerTooltip -->
        <test-method signature="g_monthIncomeTooltip()[pri:0, instance:analyzer.mortgage_credit.Page3CreditCotakerTest@193f604a]" started-at="2020-11-08T17:18:21 CET" name="g_monthIncomeTooltip" finished-at="2020-11-08T17:18:22 CET" duration-ms="351" status="PASS">
          <reporter-output>
          </reporter-output>
        </test-method> <!-- g_monthIncomeTooltip -->
        <test-method signature="h_legalChargesTooltip()[pri:0, instance:analyzer.mortgage_credit.Page3CreditCotakerTest@193f604a]" started-at="2020-11-08T17:18:22 CET" name="h_legalChargesTooltip" finished-at="2020-11-08T17:18:23 CET" duration-ms="862" status="PASS">
          <reporter-output>
          </reporter-output>
        </test-method> <!-- h_legalChargesTooltip -->
        <test-method signature="i_dependentsTooltip()[pri:0, instance:analyzer.mortgage_credit.Page3CreditCotakerTest@193f604a]" started-at="2020-11-08T17:18:23 CET" name="i_dependentsTooltip" finished-at="2020-11-08T17:18:23 CET" duration-ms="286" status="PASS">
          <reporter-output>
          </reporter-output>
        </test-method> <!-- i_dependentsTooltip -->
        <test-method signature="j_householdExpensesTooltip()[pri:0, instance:analyzer.mortgage_credit.Page3CreditCotakerTest@193f604a]" started-at="2020-11-08T17:18:23 CET" name="j_householdExpensesTooltip" finished-at="2020-11-08T17:18:23 CET" duration-ms="257" status="PASS">
          <reporter-output>
          </reporter-output>
        </test-method> <!-- j_householdExpensesTooltip -->
        <test-method signature="k_CreditTakerCotaker()[pri:0, instance:analyzer.mortgage_credit.Page3CreditCotakerTest@193f604a]" started-at="2020-11-08T17:18:23 CET" name="k_CreditTakerCotaker" finished-at="2020-11-08T17:18:23 CET" duration-ms="211" status="PASS">
          <reporter-output>
          </reporter-output>
        </test-method> <!-- k_CreditTakerCotaker -->
        <test-method signature="l_sourceOfIncomeIsEmpty()[pri:0, instance:analyzer.mortgage_credit.Page3CreditCotakerTest@193f604a]" started-at="2020-11-08T17:18:23 CET" name="l_sourceOfIncomeIsEmpty" finished-at="2020-11-08T17:18:24 CET" duration-ms="492" status="PASS">
          <reporter-output>
          </reporter-output>
        </test-method> <!-- l_sourceOfIncomeIsEmpty -->
        <test-method signature="m_sourceOfIncomeIsNotEmpty()[pri:0, instance:analyzer.mortgage_credit.Page3CreditCotakerTest@193f604a]" started-at="2020-11-08T17:18:24 CET" name="m_sourceOfIncomeIsNotEmpty" finished-at="2020-11-08T17:18:30 CET" duration-ms="6109" status="PASS">
          <reporter-output>
          </reporter-output>
        </test-method> <!-- m_sourceOfIncomeIsNotEmpty -->
        <test-method signature="n_sourceOfIncome2IsEmpty()[pri:0, instance:analyzer.mortgage_credit.Page3CreditCotakerTest@193f604a]" started-at="2020-11-08T17:18:30 CET" name="n_sourceOfIncome2IsEmpty" finished-at="2020-11-08T17:18:30 CET" duration-ms="400" status="PASS">
          <reporter-output>
          </reporter-output>
        </test-method> <!-- n_sourceOfIncome2IsEmpty -->
        <test-method signature="o_sourceOfIncome2IsNotEmpty()[pri:0, instance:analyzer.mortgage_credit.Page3CreditCotakerTest@193f604a]" started-at="2020-11-08T17:18:30 CET" name="o_sourceOfIncome2IsNotEmpty" finished-at="2020-11-08T17:18:37 CET" duration-ms="6503" status="PASS">
          <reporter-output>
          </reporter-output>
        </test-method> <!-- o_sourceOfIncome2IsNotEmpty -->
        <test-method signature="p_monthIncomeIsEmpty()[pri:0, instance:analyzer.mortgage_credit.Page3CreditCotakerTest@193f604a]" started-at="2020-11-08T17:18:37 CET" name="p_monthIncomeIsEmpty" finished-at="2020-11-08T17:18:37 CET" duration-ms="328" status="PASS">
          <reporter-output>
          </reporter-output>
        </test-method> <!-- p_monthIncomeIsEmpty -->
        <test-method signature="r_monthIncomeLessThanMin()[pri:0, instance:analyzer.mortgage_credit.Page3CreditCotakerTest@193f604a]" started-at="2020-11-08T17:18:37 CET" name="r_monthIncomeLessThanMin" finished-at="2020-11-08T17:18:37 CET" duration-ms="149" status="PASS">
          <reporter-output>
          </reporter-output>
        </test-method> <!-- r_monthIncomeLessThanMin -->
        <test-method signature="s_monthIncomeLessThanInstallment()[pri:0, instance:analyzer.mortgage_credit.Page3CreditCotakerTest@193f604a]" started-at="2020-11-08T17:18:37 CET" name="s_monthIncomeLessThanInstallment" finished-at="2020-11-08T17:18:38 CET" duration-ms="651" status="PASS">
          <reporter-output>
          </reporter-output>
        </test-method> <!-- s_monthIncomeLessThanInstallment -->
        <test-method signature="t_monthIncomeMoreThanMax()[pri:0, instance:analyzer.mortgage_credit.Page3CreditCotakerTest@193f604a]" started-at="2020-11-08T17:18:38 CET" name="t_monthIncomeMoreThanMax" finished-at="2020-11-08T17:18:39 CET" duration-ms="888" status="PASS">
          <reporter-output>
          </reporter-output>
        </test-method> <!-- t_monthIncomeMoreThanMax -->
        <test-method signature="u_monthIncome2IsEmpty()[pri:0, instance:analyzer.mortgage_credit.Page3CreditCotakerTest@193f604a]" started-at="2020-11-08T17:18:39 CET" name="u_monthIncome2IsEmpty" finished-at="2020-11-08T17:18:40 CET" duration-ms="1373" status="PASS">
          <reporter-output>
          </reporter-output>
        </test-method> <!-- u_monthIncome2IsEmpty -->
        <test-method signature="w_monthIncome2LessThanMin()[pri:0, instance:analyzer.mortgage_credit.Page3CreditCotakerTest@193f604a]" started-at="2020-11-08T17:18:40 CET" name="w_monthIncome2LessThanMin" finished-at="2020-11-08T17:18:40 CET" duration-ms="130" status="PASS">
          <reporter-output>
          </reporter-output>
        </test-method> <!-- w_monthIncome2LessThanMin -->
        <test-method signature="y_monthIncome2LessThanInstallment()[pri:0, instance:analyzer.mortgage_credit.Page3CreditCotakerTest@193f604a]" started-at="2020-11-08T17:18:40 CET" name="y_monthIncome2LessThanInstallment" finished-at="2020-11-08T17:18:41 CET" duration-ms="472" status="PASS">
          <reporter-output>
          </reporter-output>
        </test-method> <!-- y_monthIncome2LessThanInstallment -->
        <test-method signature="z_monthIncome2MoreThanMax()[pri:0, instance:analyzer.mortgage_credit.Page3CreditCotakerTest@193f604a]" started-at="2020-11-08T17:18:41 CET" name="z_monthIncome2MoreThanMax" finished-at="2020-11-08T17:18:43 CET" duration-ms="1708" status="PASS">
          <reporter-output>
          </reporter-output>
        </test-method> <!-- z_monthIncome2MoreThanMax -->
        <test-method signature="za_legalChargesIsEmpty()[pri:0, instance:analyzer.mortgage_credit.Page3CreditCotakerTest@193f604a]" started-at="2020-11-08T17:18:43 CET" name="za_legalChargesIsEmpty" finished-at="2020-11-08T17:18:44 CET" duration-ms="999" status="PASS">
          <reporter-output>
          </reporter-output>
        </test-method> <!-- za_legalChargesIsEmpty -->
        <test-method signature="zb_legalChargesLessThanMin()[pri:0, instance:analyzer.mortgage_credit.Page3CreditCotakerTest@193f604a]" started-at="2020-11-08T17:18:44 CET" name="zb_legalChargesLessThanMin" finished-at="2020-11-08T17:18:44 CET" duration-ms="148" status="PASS">
          <reporter-output>
          </reporter-output>
        </test-method> <!-- zb_legalChargesLessThanMin -->
        <test-method signature="zc_legalChargesMoreThanMax()[pri:0, instance:analyzer.mortgage_credit.Page3CreditCotakerTest@193f604a]" started-at="2020-11-08T17:18:44 CET" name="zc_legalChargesMoreThanMax" finished-at="2020-11-08T17:18:45 CET" duration-ms="1435" status="PASS">
          <reporter-output>
          </reporter-output>
        </test-method> <!-- zc_legalChargesMoreThanMax -->
        <test-method signature="zd_legalCharges2IsEmpty()[pri:0, instance:analyzer.mortgage_credit.Page3CreditCotakerTest@193f604a]" started-at="2020-11-08T17:18:45 CET" name="zd_legalCharges2IsEmpty" finished-at="2020-11-08T17:18:47 CET" duration-ms="1913" status="PASS">
          <reporter-output>
          </reporter-output>
        </test-method> <!-- zd_legalCharges2IsEmpty -->
        <test-method signature="ze_legalCharges2LessThanMin()[pri:0, instance:analyzer.mortgage_credit.Page3CreditCotakerTest@193f604a]" started-at="2020-11-08T17:18:47 CET" name="ze_legalCharges2LessThanMin" finished-at="2020-11-08T17:18:47 CET" duration-ms="110" status="PASS">
          <reporter-output>
          </reporter-output>
        </test-method> <!-- ze_legalCharges2LessThanMin -->
        <test-method signature="zf_legalCharges2MoreThanMax()[pri:0, instance:analyzer.mortgage_credit.Page3CreditCotakerTest@193f604a]" started-at="2020-11-08T17:18:47 CET" name="zf_legalCharges2MoreThanMax" finished-at="2020-11-08T17:18:50 CET" duration-ms="2908" status="PASS">
          <reporter-output>
          </reporter-output>
        </test-method> <!-- zf_legalCharges2MoreThanMax -->
        <test-method signature="zg_payedInstallmentsText()[pri:0, instance:analyzer.mortgage_credit.Page3CreditCotakerTest@193f604a]" started-at="2020-11-08T17:18:50 CET" name="zg_payedInstallmentsText" finished-at="2020-11-08T17:18:50 CET" duration-ms="147" status="PASS">
          <reporter-output>
          </reporter-output>
        </test-method> <!-- zg_payedInstallmentsText -->
        <test-method signature="zh_payedInstallmentsIsEmpty()[pri:0, instance:analyzer.mortgage_credit.Page3CreditCotakerTest@193f604a]" started-at="2020-11-08T17:18:50 CET" name="zh_payedInstallmentsIsEmpty" finished-at="2020-11-08T17:18:51 CET" duration-ms="899" status="PASS">
          <reporter-output>
          </reporter-output>
        </test-method> <!-- zh_payedInstallmentsIsEmpty -->
        <test-method signature="zi_payedInstallmentsLessThanMin()[pri:0, instance:analyzer.mortgage_credit.Page3CreditCotakerTest@193f604a]" started-at="2020-11-08T17:18:51 CET" name="zi_payedInstallmentsLessThanMin" finished-at="2020-11-08T17:18:52 CET" duration-ms="554" status="PASS">
          <reporter-output>
          </reporter-output>
        </test-method> <!-- zi_payedInstallmentsLessThanMin -->
        <test-method signature="zj_payedInstallmentsMoreThanMax()[pri:0, instance:analyzer.mortgage_credit.Page3CreditCotakerTest@193f604a]" started-at="2020-11-08T17:18:52 CET" name="zj_payedInstallmentsMoreThanMax" finished-at="2020-11-08T17:18:53 CET" duration-ms="1439" status="PASS">
          <reporter-output>
          </reporter-output>
        </test-method> <!-- zj_payedInstallmentsMoreThanMax -->
        <test-method signature="zk_creditLimitsText()[pri:0, instance:analyzer.mortgage_credit.Page3CreditCotakerTest@193f604a]" started-at="2020-11-08T17:18:53 CET" name="zk_creditLimitsText" finished-at="2020-11-08T17:18:53 CET" duration-ms="145" status="PASS">
          <reporter-output>
          </reporter-output>
        </test-method> <!-- zk_creditLimitsText -->
        <test-method signature="zl_creditLimitsIsEmpty()[pri:0, instance:analyzer.mortgage_credit.Page3CreditCotakerTest@193f604a]" started-at="2020-11-08T17:18:53 CET" name="zl_creditLimitsIsEmpty" finished-at="2020-11-08T17:18:54 CET" duration-ms="1161" status="PASS">
          <reporter-output>
          </reporter-output>
        </test-method> <!-- zl_creditLimitsIsEmpty -->
        <test-method signature="zm_creditLimitsLessThanMin()[pri:0, instance:analyzer.mortgage_credit.Page3CreditCotakerTest@193f604a]" started-at="2020-11-08T17:18:54 CET" name="zm_creditLimitsLessThanMin" finished-at="2020-11-08T17:18:54 CET" duration-ms="115" status="PASS">
          <reporter-output>
          </reporter-output>
        </test-method> <!-- zm_creditLimitsLessThanMin -->
        <test-method signature="zn_creditLimitsMoreThanMax()[pri:0, instance:analyzer.mortgage_credit.Page3CreditCotakerTest@193f604a]" started-at="2020-11-08T17:18:54 CET" name="zn_creditLimitsMoreThanMax" finished-at="2020-11-08T17:18:56 CET" duration-ms="1507" status="PASS">
          <reporter-output>
          </reporter-output>
        </test-method> <!-- zn_creditLimitsMoreThanMax -->
        <test-method signature="zo_dependents()[pri:0, instance:analyzer.mortgage_credit.Page3CreditCotakerTest@193f604a]" started-at="2020-11-08T17:18:56 CET" name="zo_dependents" finished-at="2020-11-08T17:18:57 CET" duration-ms="985" status="PASS">
          <reporter-output>
          </reporter-output>
        </test-method> <!-- zo_dependents -->
        <test-method signature="zp_houeseholdExpensesIsEmpty()[pri:0, instance:analyzer.mortgage_credit.Page3CreditCotakerTest@193f604a]" started-at="2020-11-08T17:18:57 CET" name="zp_houeseholdExpensesIsEmpty" finished-at="2020-11-08T17:18:57 CET" duration-ms="452" status="PASS">
          <reporter-output>
          </reporter-output>
        </test-method> <!-- zp_houeseholdExpensesIsEmpty -->
        <test-method signature="zr_householdExpensesLessThanMin()[pri:0, instance:analyzer.mortgage_credit.Page3CreditCotakerTest@193f604a]" started-at="2020-11-08T17:18:57 CET" name="zr_householdExpensesLessThanMin" finished-at="2020-11-08T17:18:58 CET" duration-ms="136" status="PASS">
          <reporter-output>
          </reporter-output>
        </test-method> <!-- zr_householdExpensesLessThanMin -->
        <test-method signature="zs_householdExpensesMoreThanMax()[pri:0, instance:analyzer.mortgage_credit.Page3CreditCotakerTest@193f604a]" started-at="2020-11-08T17:18:58 CET" name="zs_householdExpensesMoreThanMax" finished-at="2020-11-08T17:18:59 CET" duration-ms="1455" status="PASS">
          <reporter-output>
          </reporter-output>
        </test-method> <!-- zs_householdExpensesMoreThanMax -->
        <test-method signature="zt_whyAsk()[pri:0, instance:analyzer.mortgage_credit.Page3CreditCotakerTest@193f604a]" started-at="2020-11-08T17:18:59 CET" name="zt_whyAsk" finished-at="2020-11-08T17:19:00 CET" duration-ms="640" status="PASS">
          <reporter-output>
          </reporter-output>
        </test-method> <!-- zt_whyAsk -->
        <test-method signature="zu_count()[pri:0, instance:analyzer.mortgage_credit.Page3CreditCotakerTest@193f604a]" started-at="2020-11-08T17:19:00 CET" name="zu_count" finished-at="2020-11-08T17:19:05 CET" duration-ms="5515" status="PASS">
          <reporter-output>
          </reporter-output>
        </test-method> <!-- zu_count -->
        <test-method is-config="true" signature="CLose()[pri:0, instance:analyzer.mortgage_credit.Page3CreditCotakerTest@193f604a]" started-at="2020-11-08T17:19:05 CET" name="CLose" finished-at="2020-11-08T17:19:05 CET" duration-ms="178" status="PASS">
          <reporter-output>
          </reporter-output>
        </test-method> <!-- CLose -->
      </class> <!-- analyzer.mortgage_credit.Page3CreditCotakerTest -->
    </test> <!-- MortgageCreditPage3 -->
    <test started-at="2020-11-08T17:19:05 CET" name="ClearAgreement3" finished-at="2020-11-08T17:19:27 CET" duration-ms="21383">
      <class name="analyzer.ClearAgreement">
        <test-method is-config="true" signature="initialize(java.lang.String)[pri:0, instance:analyzer.ClearAgreement@29d89d5d]" started-at="2020-11-08T17:19:05 CET" name="initialize" finished-at="2020-11-08T17:19:12 CET" duration-ms="6576" status="PASS">
          <params>
            <param index="0">
              <value>
                <![CDATA[prod]]>
              </value>
            </param>
          </params>
          <reporter-output>
          </reporter-output>
        </test-method> <!-- initialize -->
        <test-method signature="a_IsCustomerExist()[pri:0, instance:analyzer.ClearAgreement@29d89d5d]" started-at="2020-11-08T17:19:12 CET" name="a_IsCustomerExist" finished-at="2020-11-08T17:19:15 CET" duration-ms="2982" status="PASS">
          <reporter-output>
          </reporter-output>
        </test-method> <!-- a_IsCustomerExist -->
        <test-method signature="b_Clear()[pri:0, instance:analyzer.ClearAgreement@29d89d5d]" started-at="2020-11-08T17:19:15 CET" name="b_Clear" finished-at="2020-11-08T17:19:27 CET" duration-ms="11821" status="PASS">
          <reporter-output>
          </reporter-output>
        </test-method> <!-- b_Clear -->
      </class> <!-- analyzer.ClearAgreement -->
    </test> <!-- ClearAgreement3 -->
    <test started-at="2020-11-08T17:19:27 CET" name="MortgageCreditPage4" finished-at="2020-11-08T17:19:55 CET" duration-ms="28198">
      <class name="analyzer.mortgage_credit.Page4CreditCotakerTest">
        <test-method is-config="true" signature="a_initialize(java.lang.String)[pri:0, instance:analyzer.mortgage_credit.Page4CreditCotakerTest@2053d869]" started-at="2020-11-08T17:19:27 CET" name="a_initialize" finished-at="2020-11-08T17:19:34 CET" duration-ms="7036" status="PASS">
          <params>
            <param index="0">
              <value>
                <![CDATA[prod]]>
              </value>
            </param>
          </params>
          <reporter-output>
          </reporter-output>
        </test-method> <!-- a_initialize -->
        <test-method is-config="true" signature="ab_PreviousSteps()[pri:0, instance:analyzer.mortgage_credit.Page4CreditCotakerTest@2053d869]" started-at="2020-11-08T17:19:34 CET" name="ab_PreviousSteps" finished-at="2020-11-08T17:19:48 CET" duration-ms="13935" status="PASS">
          <reporter-output>
          </reporter-output>
        </test-method> <!-- ab_PreviousSteps -->
        <test-method signature="a_creditCriteriaSummary()[pri:0, instance:analyzer.mortgage_credit.Page4CreditCotakerTest@2053d869]" started-at="2020-11-08T17:19:48 CET" name="a_creditCriteriaSummary" finished-at="2020-11-08T17:19:50 CET" duration-ms="2495" status="PASS">
          <reporter-output>
          </reporter-output>
        </test-method> <!-- a_creditCriteriaSummary -->
        <test-method signature="b_punctualityPaymentSeeMore()[pri:0, instance:analyzer.mortgage_credit.Page4CreditCotakerTest@2053d869]" started-at="2020-11-08T17:19:50 CET" name="b_punctualityPaymentSeeMore" finished-at="2020-11-08T17:19:51 CET" duration-ms="263" status="PASS">
          <reporter-output>
          </reporter-output>
        </test-method> <!-- b_punctualityPaymentSeeMore -->
        <test-method signature="c_punctualityPaymentSeeLess()[pri:0, instance:analyzer.mortgage_credit.Page4CreditCotakerTest@2053d869]" started-at="2020-11-08T17:19:51 CET" name="c_punctualityPaymentSeeLess" finished-at="2020-11-08T17:19:51 CET" duration-ms="215" status="PASS">
          <reporter-output>
          </reporter-output>
        </test-method> <!-- c_punctualityPaymentSeeLess -->
        <test-method signature="d_scoringSeeLess()[pri:0, instance:analyzer.mortgage_credit.Page4CreditCotakerTest@2053d869]" started-at="2020-11-08T17:19:51 CET" name="d_scoringSeeLess" finished-at="2020-11-08T17:19:51 CET" duration-ms="266" status="PASS">
          <reporter-output>
          </reporter-output>
        </test-method> <!-- d_scoringSeeLess -->
        <test-method signature="e_scoringSeeMore()[pri:0, instance:analyzer.mortgage_credit.Page4CreditCotakerTest@2053d869]" started-at="2020-11-08T17:19:51 CET" name="e_scoringSeeMore" finished-at="2020-11-08T17:19:51 CET" duration-ms="207" status="PASS">
          <reporter-output>
          </reporter-output>
        </test-method> <!-- e_scoringSeeMore -->
        <test-method signature="f_budgetChargeSeeLess()[pri:0, instance:analyzer.mortgage_credit.Page4CreditCotakerTest@2053d869]" started-at="2020-11-08T17:19:51 CET" name="f_budgetChargeSeeLess" finished-at="2020-11-08T17:19:51 CET" duration-ms="231" status="PASS">
          <reporter-output>
          </reporter-output>
        </test-method> <!-- f_budgetChargeSeeLess -->
        <test-method signature="h_budgetChargeSeeMore()[pri:0, instance:analyzer.mortgage_credit.Page4CreditCotakerTest@2053d869]" started-at="2020-11-08T17:19:51 CET" name="h_budgetChargeSeeMore" finished-at="2020-11-08T17:19:52 CET" duration-ms="209" status="PASS">
          <reporter-output>
          </reporter-output>
        </test-method> <!-- h_budgetChargeSeeMore -->
        <test-method signature="i_creditSumSeeLess()[pri:0, instance:analyzer.mortgage_credit.Page4CreditCotakerTest@2053d869]" started-at="2020-11-08T17:19:52 CET" name="i_creditSumSeeLess" finished-at="2020-11-08T17:19:52 CET" duration-ms="247" status="PASS">
          <reporter-output>
          </reporter-output>
        </test-method> <!-- i_creditSumSeeLess -->
        <test-method signature="j_creditSumSeeMore()[pri:0, instance:analyzer.mortgage_credit.Page4CreditCotakerTest@2053d869]" started-at="2020-11-08T17:19:52 CET" name="j_creditSumSeeMore" finished-at="2020-11-08T17:19:52 CET" duration-ms="164" status="PASS">
          <reporter-output>
          </reporter-output>
        </test-method> <!-- j_creditSumSeeMore -->
        <test-method signature="k_compareDate()[pri:0, instance:analyzer.mortgage_credit.Page4CreditCotakerTest@2053d869]" started-at="2020-11-08T17:19:52 CET" name="k_compareDate" finished-at="2020-11-08T17:19:52 CET" duration-ms="76" status="PASS">
          <reporter-output>
          </reporter-output>
        </test-method> <!-- k_compareDate -->
        <test-method signature="l_verifyIcon()[pri:0, instance:analyzer.mortgage_credit.Page4CreditCotakerTest@2053d869]" started-at="2020-11-08T17:19:52 CET" name="l_verifyIcon" finished-at="2020-11-08T17:19:52 CET" duration-ms="84" status="PASS">
          <reporter-output>
          </reporter-output>
        </test-method> <!-- l_verifyIcon -->
        <test-method signature="m_countAnotherCreditButton()[pri:0, instance:analyzer.mortgage_credit.Page4CreditCotakerTest@2053d869]" started-at="2020-11-08T17:19:52 CET" name="m_countAnotherCreditButton" finished-at="2020-11-08T17:19:53 CET" duration-ms="899" status="PASS">
          <reporter-output>
          </reporter-output>
        </test-method> <!-- m_countAnotherCreditButton -->
        <test-method signature="n_homePage()[pri:0, instance:analyzer.mortgage_credit.Page4CreditCotakerTest@2053d869]" started-at="2020-11-08T17:19:53 CET" name="n_homePage" finished-at="2020-11-08T17:19:55 CET" duration-ms="1666" status="PASS">
          <reporter-output>
          </reporter-output>
        </test-method> <!-- n_homePage -->
        <test-method is-config="true" signature="CLose()[pri:0, instance:analyzer.mortgage_credit.Page4CreditCotakerTest@2053d869]" started-at="2020-11-08T17:19:55 CET" name="CLose" finished-at="2020-11-08T17:19:55 CET" duration-ms="188" status="PASS">
          <reporter-output>
          </reporter-output>
        </test-method> <!-- CLose -->
      </class> <!-- analyzer.mortgage_credit.Page4CreditCotakerTest -->
    </test> <!-- MortgageCreditPage4 -->
  </suite> <!-- Suite -->
</testng-results>
