<?xml version="1.0" encoding="UTF-8"?>
<!-- Generated by org.testng.reporters.JUnitXMLReporter -->
<testsuite ignored="0" hostname="L86HQ1Z2" failures="0" tests="25" name="Default test" time="0.165" errors="0" timestamp="2020-11-07T14:10:47 CET">
  <testcase classname="analyzer.consumer_credit.Page3Test" name="@BeforeTest a_initialize" time="-1.604754646787E9">
    <failure type="org.testng.TestNGException" message="
Parameter &amp;apos;environment&amp;apos; is required by BeforeTest on method a_initialize but has not been marked @Optional or defined
in C:\Users\iga.gawinkowska\AppData\Local\Temp\testng-eclipse-1706174798\testng-customsuite.xml">
      <![CDATA[org.testng.TestNGException: 
Parameter 'environment' is required by BeforeTest on method a_initialize but has not been marked @Optional or defined
in C:\Users\iga.gawinkowska\AppData\Local\Temp\testng-eclipse-1706174798\testng-customsuite.xml
at org.testng.internal.Parameters.createParams(Parameters.java:268)
at org.testng.internal.Parameters.createParametersForMethod(Parameters.java:356)
at org.testng.internal.Parameters.createParameters(Parameters.java:700)
at org.testng.internal.Parameters.createConfigurationParameters(Parameters.java:166)
at org.testng.internal.ConfigInvoker.invokeConfigurations(ConfigInvoker.java:301)
at org.testng.TestRunner.invokeTestConfigurations(TestRunner.java:617)
at org.testng.TestRunner.beforeRun(TestRunner.java:607)
at org.testng.TestRunner.run(TestRunner.java:578)
at org.testng.SuiteRunner.runTest(SuiteRunner.java:384)
at org.testng.SuiteRunner.runSequentially(SuiteRunner.java:378)
at org.testng.SuiteRunner.privateRun(SuiteRunner.java:337)
at org.testng.SuiteRunner.run(SuiteRunner.java:286)
at org.testng.SuiteRunnerWorker.runSuite(SuiteRunnerWorker.java:53)
at org.testng.SuiteRunnerWorker.run(SuiteRunnerWorker.java:96)
at org.testng.TestNG.runSuitesSequentially(TestNG.java:1218)
at org.testng.TestNG.runSuitesLocally(TestNG.java:1140)
at org.testng.TestNG.runSuites(TestNG.java:1069)
at org.testng.TestNG.run(TestNG.java:1037)
at org.testng.remote.AbstractRemoteTestNG.run(AbstractRemoteTestNG.java:115)
at org.testng.remote.RemoteTestNG.initAndRun(RemoteTestNG.java:251)
at org.testng.remote.RemoteTestNG.main(RemoteTestNG.java:77)
]]>
    </failure>
  </testcase> <!-- @BeforeTest a_initialize -->
  <testcase classname="analyzer.consumer_credit.Page3Test" name="@BeforeTest ab_PreviousSteps" time="-1.604754646801E9">
    <skipped/>
  </testcase> <!-- @BeforeTest ab_PreviousSteps -->
  <testcase classname="analyzer.consumer_credit.Page3Test" name="@AfterTest CLose" time="-1.604754646943E9">
    <skipped/>
  </testcase> <!-- @AfterTest CLose -->
  <testcase classname="analyzer.consumer_credit.Page3Test" name="a_component" time="0.0">
    <skipped/>
  </testcase> <!-- a_component -->
  <testcase classname="analyzer.consumer_credit.Page3Test" name="b_backButtonDisplayed" time="0.0">
    <skipped/>
  </testcase> <!-- b_backButtonDisplayed -->
  <testcase classname="analyzer.consumer_credit.Page3Test" name="c_backButton" time="0.0">
    <skipped/>
  </testcase> <!-- c_backButton -->
  <testcase classname="analyzer.consumer_credit.Page3Test" name="d_sourceOfIncomeTooltip" time="0.0">
    <skipped/>
  </testcase> <!-- d_sourceOfIncomeTooltip -->
  <testcase classname="analyzer.consumer_credit.Page3Test" name="e_monthIncomeTooltip" time="0.0">
    <skipped/>
  </testcase> <!-- e_monthIncomeTooltip -->
  <testcase classname="analyzer.consumer_credit.Page3Test" name="f_legalChargesTooltip" time="0.0">
    <skipped/>
  </testcase> <!-- f_legalChargesTooltip -->
  <testcase classname="analyzer.consumer_credit.Page3Test" name="g_dependentsTooltip" time="0.0">
    <skipped/>
  </testcase> <!-- g_dependentsTooltip -->
  <testcase classname="analyzer.consumer_credit.Page3Test" name="h_householdExpensesTooltip" time="0.0">
    <skipped/>
  </testcase> <!-- h_householdExpensesTooltip -->
  <testcase classname="analyzer.consumer_credit.Page3Test" name="i_sourceOfIncomeIsEmpty" time="0.0">
    <skipped/>
  </testcase> <!-- i_sourceOfIncomeIsEmpty -->
  <testcase classname="analyzer.consumer_credit.Page3Test" name="j_sourceOfIncomeIsNotEmpty" time="0.0">
    <skipped/>
  </testcase> <!-- j_sourceOfIncomeIsNotEmpty -->
  <testcase classname="analyzer.consumer_credit.Page3Test" name="k_monthIncomeIsEmpty" time="0.0">
    <skipped/>
  </testcase> <!-- k_monthIncomeIsEmpty -->
  <testcase classname="analyzer.consumer_credit.Page3Test" name="l_monthIncomeLessThanMin" time="0.0">
    <skipped/>
  </testcase> <!-- l_monthIncomeLessThanMin -->
  <testcase classname="analyzer.consumer_credit.Page3Test" name="m_monthIncomeLessThanInstallment" time="0.0">
    <skipped/>
  </testcase> <!-- m_monthIncomeLessThanInstallment -->
  <testcase classname="analyzer.consumer_credit.Page3Test" name="n_monthIncomeMoreThanMax" time="0.0">
    <skipped/>
  </testcase> <!-- n_monthIncomeMoreThanMax -->
  <testcase classname="analyzer.consumer_credit.Page3Test" name="o_legalChargesIsEmpty" time="0.0">
    <skipped/>
  </testcase> <!-- o_legalChargesIsEmpty -->
  <testcase classname="analyzer.consumer_credit.Page3Test" name="p_legalChargesLessThanMin" time="0.0">
    <skipped/>
  </testcase> <!-- p_legalChargesLessThanMin -->
  <testcase classname="analyzer.consumer_credit.Page3Test" name="r_legalChargesMoreThanMax" time="0.0">
    <skipped/>
  </testcase> <!-- r_legalChargesMoreThanMax -->
  <testcase classname="analyzer.consumer_credit.Page3Test" name="s_payedInstallmentsText" time="0.0">
    <skipped/>
  </testcase> <!-- s_payedInstallmentsText -->
  <testcase classname="analyzer.consumer_credit.Page3Test" name="t_creditLimitsText" time="0.0">
    <skipped/>
  </testcase> <!-- t_creditLimitsText -->
  <testcase classname="analyzer.consumer_credit.Page3Test" name="u_dependents" time="0.0">
    <skipped/>
  </testcase> <!-- u_dependents -->
  <testcase classname="analyzer.consumer_credit.Page3Test" name="w_houeseholdExpensesIsEmpty" time="0.0">
    <skipped/>
  </testcase> <!-- w_houeseholdExpensesIsEmpty -->
  <testcase classname="analyzer.consumer_credit.Page3Test" name="y_householdExpensesLessThanMin" time="0.0">
    <skipped/>
  </testcase> <!-- y_householdExpensesLessThanMin -->
  <testcase classname="analyzer.consumer_credit.Page3Test" name="z_householdExpensesMoreThanMax" time="0.0">
    <skipped/>
  </testcase> <!-- z_householdExpensesMoreThanMax -->
  <testcase classname="analyzer.consumer_credit.Page3Test" name="za_whyAsk" time="0.0">
    <skipped/>
  </testcase> <!-- za_whyAsk -->
  <testcase classname="analyzer.consumer_credit.Page3Test" name="zb_count" time="0.0">
    <skipped/>
  </testcase> <!-- zb_count -->
</testsuite> <!-- Default test -->
